Using pre-set license
Built from '2020.3/staging' branch; Version is '2020.3.18f1 (a7d1c678663c) revision 10998214'; Using compiler version '192528614'; Build Type 'Release'
OS: 'Windows 10 Pro; OS build 19043.1288; Version 2009; 64bit' Language: 'es' Physical Memory: 8126 MB
BatchMode: 1, IsHumanControllingUs: 0, StartBugReporterOnCrash: 0, Is64bit: 1, IsPro: 0

COMMAND LINE ARGUMENTS:
E:\Programas\Unity\Editor\Unity.exe
-adb2
-batchMode
-noUpm
-name
AssetImportWorker1
-projectPath
D:/Github/MidnightMadness
-logFile
Logs/AssetImportWorker1.log
-srvPort
56293
Successfully changed project path to: D:/Github/MidnightMadness
D:/Github/MidnightMadness
Using Asset Import Pipeline V2.
Refreshing native plugins compatible for Editor in 42.99 ms, found 3 plugins.
Preloading 0 native plugins for Editor in 0.00 ms.
Initialize engine version: 2020.3.18f1 (a7d1c678663c)
[Subsystems] Discovering subsystems at path E:/Programas/Unity/Editor/Data/Resources/UnitySubsystems
[Subsystems] Discovering subsystems at path D:/Github/MidnightMadness/Assets
GfxDevice: creating device client; threaded=0
Direct3D:
    Version:  Direct3D 11.0 [level 11.1]
    Renderer: NVIDIA GeForce RTX 2060 (ID=0x1f08)
    Vendor:   
    VRAM:     5980 MB
    Driver:   30.0.14.7212
Initialize mono
Mono path[0] = 'E:/Programas/Unity/Editor/Data/Managed'
Mono path[1] = 'E:/Programas/Unity/Editor/Data/MonoBleedingEdge/lib/mono/unityjit'
Mono config path = 'E:/Programas/Unity/Editor/Data/MonoBleedingEdge/etc'
Using monoOptions --debugger-agent=transport=dt_socket,embedding=1,server=y,suspend=n,address=127.0.0.1:56764
Begin MonoManager ReloadAssembly
Registering precompiled unity dll's ...
Register platform support module: E:/Programas/Unity/Editor/Data/PlaybackEngines/WindowsStandaloneSupport/UnityEditor.WindowsStandalone.Extensions.dll
Registered in 0.001416 seconds.
Native extension for WindowsStandalone target not found
Refreshing native plugins compatible for Editor in 38.84 ms, found 3 plugins.
Preloading 0 native plugins for Editor in 0.00 ms.
Mono: successfully reloaded assembly
- Completed reload, in  1.151 seconds
Domain Reload Profiling:
	ReloadAssembly (1151ms)
		BeginReloadAssembly (67ms)
			ExecutionOrderSort (0ms)
			DisableScriptedObjects (0ms)
			BackupInstance (0ms)
			ReleaseScriptingObjects (0ms)
			CreateAndSetChildDomain (1ms)
		EndReloadAssembly (389ms)
			LoadAssemblies (67ms)
			RebuildTransferFunctionScriptingTraits (0ms)
			SetupTypeCache (141ms)
			ReleaseScriptCaches (0ms)
			RebuildScriptCaches (29ms)
			SetupLoadedEditorAssemblies (156ms)
				LogAssemblyErrors (0ms)
				InitializePlatformSupportModulesInManaged (3ms)
				SetLoadedEditorAssemblies (0ms)
				RefreshPlugins (39ms)
				BeforeProcessingInitializeOnLoad (11ms)
				ProcessInitializeOnLoadAttributes (75ms)
				ProcessInitializeOnLoadMethodAttributes (27ms)
				AfterProcessingInitializeOnLoad (0ms)
				EditorAssembliesLoaded (0ms)
			ExecutionOrderSort2 (0ms)
			AwakeInstancesAfterBackupRestoration (0ms)
Platform modules already initialized, skipping
Registering precompiled user dll's ...
Registered in 0.006582 seconds.
Begin MonoManager ReloadAssembly
Native extension for WindowsStandalone target not found
Refreshing native plugins compatible for Editor in 39.08 ms, found 3 plugins.
Preloading 0 native plugins for Editor in 0.00 ms.
Mono: successfully reloaded assembly
- Completed reload, in  1.883 seconds
Domain Reload Profiling:
	ReloadAssembly (1884ms)
		BeginReloadAssembly (146ms)
			ExecutionOrderSort (0ms)
			DisableScriptedObjects (4ms)
			BackupInstance (0ms)
			ReleaseScriptingObjects (0ms)
			CreateAndSetChildDomain (16ms)
		EndReloadAssembly (1680ms)
			LoadAssemblies (895ms)
			RebuildTransferFunctionScriptingTraits (0ms)
			SetupTypeCache (289ms)
			ReleaseScriptCaches (0ms)
			RebuildScriptCaches (45ms)
			SetupLoadedEditorAssemblies (329ms)
				LogAssemblyErrors (0ms)
				InitializePlatformSupportModulesInManaged (3ms)
				SetLoadedEditorAssemblies (0ms)
				RefreshPlugins (39ms)
				BeforeProcessingInitializeOnLoad (77ms)
				ProcessInitializeOnLoadAttributes (195ms)
				ProcessInitializeOnLoadMethodAttributes (12ms)
				AfterProcessingInitializeOnLoad (2ms)
				EditorAssembliesLoaded (0ms)
			ExecutionOrderSort2 (0ms)
			AwakeInstancesAfterBackupRestoration (6ms)
Platform modules already initialized, skipping
========================================================================
Worker process is ready to serve import requests
Launched and connected shader compiler UnityShaderCompiler.exe after 0.82 seconds
Refreshing native plugins compatible for Editor in 0.70 ms, found 3 plugins.
Preloading 0 native plugins for Editor in 0.00 ms.
Unloading 2102 Unused Serialized files (Serialized files now loaded: 0)
System memory in use before: 93.4 MB.
System memory in use after: 93.5 MB.

Unloading 26 unused Assets to reduce memory usage. Loaded Objects now: 2542.
Total: 4.136300 ms (FindLiveObjects: 0.238100 ms CreateObjectMapping: 0.123700 ms MarkObjects: 3.688600 ms  DeleteObjects: 0.084000 ms)

AssetImportParameters requested are different than current active one (requested -> active):
  custom:framework-win-MediaFoundation: 216162199b28c13a410421893ffa2e32 -> 
  custom:video-decoder-ogg-theora: a1e56fd34408186e4bbccfd4996cb3dc -> 
  custom:container-muxer-webm: aa71ff27fc2769a1b78a27578f13a17b -> 
  custom:container-demuxer-webm: 4f35f7cbe854078d1ac9338744f61a02 -> 
  custom:container-demuxer-ogg: 62fdf1f143b41e24485cea50d1cbac27 -> 
  custom:video-encoder-webm-vp8: eb34c28f22e8b96e1ab97ce403110664 -> 
  custom:video-decoder-webm-vp8: 9c59270c3fd7afecdb556c50c9e8de78 -> 
  custom:audio-decoder-ogg-vorbis: bf7c407c2cedff20999df2af8eb42d56 -> 
  custom:audio-encoder-webm-vorbis: bf7c407c2cedff20999df2af8eb42d56 -> 
========================================================================
Received Import Request.
  path: Assets/Sprites/Enviroment/Asfalto_pintado_H.png
  artifactKey: Guid(4e759bf209e7fcf40b8fb3cf914099f5) Importer(815301076,1909f56bfc062723c751e8b465ee728b)
Start importing Assets/Sprites/Enviroment/Asfalto_pintado_H.png using Guid(4e759bf209e7fcf40b8fb3cf914099f5) Importer(815301076,1909f56bfc062723c751e8b465ee728b)  -> (artifact id: 'f607ad8be8f4a33fff4202ec49a06350') in 0.110213 seconds 
  Import took 0.145632 seconds .

========================================================================
Received Import Request.
  Time since last request: 17.087484 seconds.
  path: Assets/Sprites/Enviroment/Asfalto_pintado_2 1.png
  artifactKey: Guid(5e6acb0562491f74ab8038487f96102a) Importer(815301076,1909f56bfc062723c751e8b465ee728b)
Start importing Assets/Sprites/Enviroment/Asfalto_pintado_2 1.png using Guid(5e6acb0562491f74ab8038487f96102a) Importer(815301076,1909f56bfc062723c751e8b465ee728b)  -> (artifact id: 'c09d4eda281ae8acc35c15698c31ab90') in 0.019201 seconds 
  Import took 0.046173 seconds .

========================================================================
Received Import Request.
  Time since last request: 26.447854 seconds.
  path: Assets/Sprites/Enviroment/Asfalto_pintado_T.png
  artifactKey: Guid(5e6acb0562491f74ab8038487f96102a) Importer(815301076,1909f56bfc062723c751e8b465ee728b)
Start importing Assets/Sprites/Enviroment/Asfalto_pintado_T.png using Guid(5e6acb0562491f74ab8038487f96102a) Importer(815301076,1909f56bfc062723c751e8b465ee728b)  -> (artifact id: '26a0faa2e7a246bb57bc963440060e63') in 0.029489 seconds 
  Import took 0.035343 seconds .

========================================================================
Received Import Request.
  Time since last request: 19.740277 seconds.
  path: Assets/Sprites/Enviroment/Asfalto_pintado_B.png
  artifactKey: Guid(15017fc202f42e4459766381d09401bd) Importer(815301076,1909f56bfc062723c751e8b465ee728b)
Start importing Assets/Sprites/Enviroment/Asfalto_pintado_B.png using Guid(15017fc202f42e4459766381d09401bd) Importer(815301076,1909f56bfc062723c751e8b465ee728b)  -> (artifact id: 'bcdef9814a893ebba5f33860b08da7f4') in 0.026022 seconds 
  Import took 0.042864 seconds .

========================================================================
Received Import Request.
  Time since last request: 34.834759 seconds.
  path: Assets/Sprites/Enviroment/Asfalto_pintado_L.png
  artifactKey: Guid(bcb938a9b0e8bf7469408ea3701dcbd3) Importer(815301076,1909f56bfc062723c751e8b465ee728b)
Start importing Assets/Sprites/Enviroment/Asfalto_pintado_L.png using Guid(bcb938a9b0e8bf7469408ea3701dcbd3) Importer(815301076,1909f56bfc062723c751e8b465ee728b)  -> (artifact id: '0b694a0c51ec3610d55e6766e00c0475') in 0.026776 seconds 
  Import took 0.042647 seconds .

========================================================================
Received Import Request.
  Time since last request: 9.853693 seconds.
  path: Assets/Sprites/Enviroment/Asfalto_pintado_V.png
  artifactKey: Guid(53c5e4c670d5e134ab1dc0a8923d37f3) Importer(815301076,1909f56bfc062723c751e8b465ee728b)
Start importing Assets/Sprites/Enviroment/Asfalto_pintado_V.png using Guid(53c5e4c670d5e134ab1dc0a8923d37f3) Importer(815301076,1909f56bfc062723c751e8b465ee728b)  -> (artifact id: '4946f64384daf3190454b05a039a9cd4') in 0.026271 seconds 
  Import took 0.051926 seconds .

========================================================================
Received Import Request.
  Time since last request: 21.365815 seconds.
  path: Assets/Sprites/Enviroment/Asfalto_pintado_R.png
  artifactKey: Guid(4f68fc33f0eeca14d8ada0681d77f696) Importer(815301076,1909f56bfc062723c751e8b465ee728b)
Start importing Assets/Sprites/Enviroment/Asfalto_pintado_R.png using Guid(4f68fc33f0eeca14d8ada0681d77f696) Importer(815301076,1909f56bfc062723c751e8b465ee728b)  -> (artifact id: 'fe8db0a716888a7a26404c4e39b78dae') in 0.024102 seconds 
  Import took 0.027079 seconds .

========================================================================
Received Import Request.
  Time since last request: 37.303886 seconds.
  path: Assets/Sprites/Enviroment/Asfalto_pintado_B.png
  artifactKey: Guid(15017fc202f42e4459766381d09401bd) Importer(815301076,1909f56bfc062723c751e8b465ee728b)
Start importing Assets/Sprites/Enviroment/Asfalto_pintado_B.png using Guid(15017fc202f42e4459766381d09401bd) Importer(815301076,1909f56bfc062723c751e8b465ee728b)  -> (artifact id: 'd5ead319f0ea9812fb1c3374ef64613d') in 0.025478 seconds 
  Import took 0.029439 seconds .

========================================================================
Received Import Request.
  Time since last request: 0.000269 seconds.
  path: Assets/Sprites/Enviroment/Asfalto_pintado_H.png
  artifactKey: Guid(4e759bf209e7fcf40b8fb3cf914099f5) Importer(815301076,1909f56bfc062723c751e8b465ee728b)
Start importing Assets/Sprites/Enviroment/Asfalto_pintado_H.png using Guid(4e759bf209e7fcf40b8fb3cf914099f5) Importer(815301076,1909f56bfc062723c751e8b465ee728b)  -> (artifact id: 'ece2465d4be1fcde0e0c66ec96a7314f') in 0.008781 seconds 
  Import took 0.024206 seconds .

========================================================================
Received Import Request.
  Time since last request: 0.000204 seconds.
  path: Assets/Sprites/Enviroment/Asfalto_pintado_T.png
  artifactKey: Guid(5e6acb0562491f74ab8038487f96102a) Importer(815301076,1909f56bfc062723c751e8b465ee728b)
Start importing Assets/Sprites/Enviroment/Asfalto_pintado_T.png using Guid(5e6acb0562491f74ab8038487f96102a) Importer(815301076,1909f56bfc062723c751e8b465ee728b)  -> (artifact id: '1f90c0d0db52dcfafb38f8e8474e8e54') in 0.020541 seconds 
  Import took 0.031698 seconds .

========================================================================
Received Import Request.
  Time since last request: 0.000277 seconds.
  path: Assets/Sprites/Enviroment/Asfalto_pintado_R.png
  artifactKey: Guid(4f68fc33f0eeca14d8ada0681d77f696) Importer(815301076,1909f56bfc062723c751e8b465ee728b)
Start importing Assets/Sprites/Enviroment/Asfalto_pintado_R.png using Guid(4f68fc33f0eeca14d8ada0681d77f696) Importer(815301076,1909f56bfc062723c751e8b465ee728b)  -> (artifact id: 'ff44b715e02017c583a6900b03d3645b') in 0.008952 seconds 
  Import took 0.017692 seconds .

========================================================================
Received Import Request.
  Time since last request: 241.226902 seconds.
  path: Assets/Sprites/Enviroment/Asfalto_pintado_esquina.png
  artifactKey: Guid(5c51b7400ee456c42ac2897936fdef0b) Importer(815301076,1909f56bfc062723c751e8b465ee728b)
Start importing Assets/Sprites/Enviroment/Asfalto_pintado_esquina.png using Guid(5c51b7400ee456c42ac2897936fdef0b) Importer(815301076,1909f56bfc062723c751e8b465ee728b)  -> (artifact id: 'e036b497b2b6eb1744da015777457a04') in 0.020386 seconds 
  Import took 0.042305 seconds .

========================================================================
Received Import Request.
  Time since last request: 14.252351 seconds.
  path: Assets/Sprites/Enviroment/Asfalto_pintado_esquina 1.png
  artifactKey: Guid(8c1f12f5567b5214daad2b5369fa6cda) Importer(815301076,1909f56bfc062723c751e8b465ee728b)
Start importing Assets/Sprites/Enviroment/Asfalto_pintado_esquina 1.png using Guid(8c1f12f5567b5214daad2b5369fa6cda) Importer(815301076,1909f56bfc062723c751e8b465ee728b)  -> (artifact id: 'e359baba6e0a05d898c1ffea125f18b6') in 0.023114 seconds 
  Import took 0.051375 seconds .

========================================================================
Received Import Request.
  Time since last request: 19.857722 seconds.
  path: Assets/Sprites/Enviroment/Asfalto_pintado_esquina TR.png
  artifactKey: Guid(8c1f12f5567b5214daad2b5369fa6cda) Importer(815301076,1909f56bfc062723c751e8b465ee728b)
Start importing Assets/Sprites/Enviroment/Asfalto_pintado_esquina TR.png using Guid(8c1f12f5567b5214daad2b5369fa6cda) Importer(815301076,1909f56bfc062723c751e8b465ee728b)  -> (artifact id: 'ba3f916711e068dccb6765aae7408a9f') in 0.023264 seconds 
  Import took 0.036961 seconds .

========================================================================
Received Import Request.
  Time since last request: 22.946215 seconds.
  path: Assets/Sprites/Enviroment/Asfalto_pintado_esquina_BR.png
  artifactKey: Guid(d2af20f898d611f46801b2d86ca4acb8) Importer(815301076,1909f56bfc062723c751e8b465ee728b)
Start importing Assets/Sprites/Enviroment/Asfalto_pintado_esquina_BR.png using Guid(d2af20f898d611f46801b2d86ca4acb8) Importer(815301076,1909f56bfc062723c751e8b465ee728b)  -> (artifact id: 'a0d19b1b74f2a8eb07732a1d8d69bad3') in 0.025104 seconds 
  Import took 0.029483 seconds .

========================================================================
Received Import Request.
  Time since last request: 27.782393 seconds.
  path: Assets/Sprites/Enviroment/Asfalto_pintado_esquina_BL.png
  artifactKey: Guid(d9fcc3ded436c754d926a69afb32ced4) Importer(815301076,1909f56bfc062723c751e8b465ee728b)
Start importing Assets/Sprites/Enviroment/Asfalto_pintado_esquina_BL.png using Guid(d9fcc3ded436c754d926a69afb32ced4) Importer(815301076,1909f56bfc062723c751e8b465ee728b)  -> (artifact id: 'ecc85a7ee1c5f853c8f9b496613c9e37') in 0.019597 seconds 
  Import took 0.022621 seconds .

========================================================================
Received Import Request.
  Time since last request: 29.774746 seconds.
  path: Assets/Sprites/Enviroment/Asfalto_pintado_esquina_TL.png
  artifactKey: Guid(c8bf7160af02670478dcc36914535df5) Importer(815301076,1909f56bfc062723c751e8b465ee728b)
Start importing Assets/Sprites/Enviroment/Asfalto_pintado_esquina_TL.png using Guid(c8bf7160af02670478dcc36914535df5) Importer(815301076,1909f56bfc062723c751e8b465ee728b)  -> (artifact id: 'dc363c16387cc36b81910161bbeff56a') in 0.033244 seconds 
  Import took 0.052897 seconds .

========================================================================
Received Import Request.
  Time since last request: 0.004651 seconds.
  path: Assets/Sprites/Enviroment/Asfalto_pintado_esquina_TL.png
  artifactKey: Guid(c8bf7160af02670478dcc36914535df5) Importer(815301076,1909f56bfc062723c751e8b465ee728b)
Start importing Assets/Sprites/Enviroment/Asfalto_pintado_esquina_TL.png using Guid(c8bf7160af02670478dcc36914535df5) Importer(815301076,1909f56bfc062723c751e8b465ee728b)  -> (artifact id: 'dc363c16387cc36b81910161bbeff56a') in 0.028326 seconds 
  Import took 0.032531 seconds .

========================================================================
Received Import Request.
  Time since last request: 24.190183 seconds.
  path: Assets/Sprites/Enviroment/Asfalto_pintado_esquina TR.png
  artifactKey: Guid(8c1f12f5567b5214daad2b5369fa6cda) Importer(815301076,1909f56bfc062723c751e8b465ee728b)
Start importing Assets/Sprites/Enviroment/Asfalto_pintado_esquina TR.png using Guid(8c1f12f5567b5214daad2b5369fa6cda) Importer(815301076,1909f56bfc062723c751e8b465ee728b)  -> (artifact id: '82c8383e37d1c1783f302f462d9e63a3') in 0.024383 seconds 
  Import took 0.069129 seconds .

========================================================================
Received Import Request.
  Time since last request: 0.000265 seconds.
  path: Assets/Sprites/Enviroment/Asfalto_pintado_esquina_BL.png
  artifactKey: Guid(d9fcc3ded436c754d926a69afb32ced4) Importer(815301076,1909f56bfc062723c751e8b465ee728b)
Start importing Assets/Sprites/Enviroment/Asfalto_pintado_esquina_BL.png using Guid(d9fcc3ded436c754d926a69afb32ced4) Importer(815301076,1909f56bfc062723c751e8b465ee728b)  -> (artifact id: 'd257fd7307e904a60de2a01954578d30') in 0.012503 seconds 
  Import took 0.015200 seconds .

========================================================================
Received Import Request.
  Time since last request: 0.000422 seconds.
  path: Assets/Sprites/Enviroment/Asfalto_pintado_esquina_BR.png
  artifactKey: Guid(d2af20f898d611f46801b2d86ca4acb8) Importer(815301076,1909f56bfc062723c751e8b465ee728b)
Start importing Assets/Sprites/Enviroment/Asfalto_pintado_esquina_BR.png using Guid(d2af20f898d611f46801b2d86ca4acb8) Importer(815301076,1909f56bfc062723c751e8b465ee728b)  -> (artifact id: '3c7dc7ef897ec0a8c73fb63f518830f0') in 0.027661 seconds 
  Import took 0.030914 seconds .

========================================================================
Received Import Request.
  Time since last request: 0.000296 seconds.
  path: Assets/Sprites/Enviroment/Asfalto_pintado_esquina_TL.png
  artifactKey: Guid(c8bf7160af02670478dcc36914535df5) Importer(815301076,1909f56bfc062723c751e8b465ee728b)
Start importing Assets/Sprites/Enviroment/Asfalto_pintado_esquina_TL.png using Guid(c8bf7160af02670478dcc36914535df5) Importer(815301076,1909f56bfc062723c751e8b465ee728b)  -> (artifact id: '44376a94f3cc1b70156c6d55251b79c1') in 0.011862 seconds 
  Import took 0.014840 seconds .

========================================================================
Received Import Request.
  Time since last request: 5.369610 seconds.
  path: Assets/Sprites/Enviroment/Asfalto_pintado_esquina TR.png
  artifactKey: Guid(8c1f12f5567b5214daad2b5369fa6cda) Importer(815301076,1909f56bfc062723c751e8b465ee728b)
Start importing Assets/Sprites/Enviroment/Asfalto_pintado_esquina TR.png using Guid(8c1f12f5567b5214daad2b5369fa6cda) Importer(815301076,1909f56bfc062723c751e8b465ee728b)  -> (artifact id: '56f5caf2b428df18386ab85f2a94a796') in 0.020597 seconds 
  Import took 0.024116 seconds .

========================================================================
Received Import Request.
  Time since last request: 0.000256 seconds.
  path: Assets/Sprites/Enviroment/Asfalto_pintado_esquina_BL.png
  artifactKey: Guid(d9fcc3ded436c754d926a69afb32ced4) Importer(815301076,1909f56bfc062723c751e8b465ee728b)
Start importing Assets/Sprites/Enviroment/Asfalto_pintado_esquina_BL.png using Guid(d9fcc3ded436c754d926a69afb32ced4) Importer(815301076,1909f56bfc062723c751e8b465ee728b)  -> (artifact id: '6b5a97a72dae0f6dac1acea9589bf92d') in 0.011930 seconds 
  Import took 0.035531 seconds .

========================================================================
Received Import Request.
  Time since last request: 0.000237 seconds.
  path: Assets/Sprites/Enviroment/Asfalto_pintado_esquina_BR.png
  artifactKey: Guid(d2af20f898d611f46801b2d86ca4acb8) Importer(815301076,1909f56bfc062723c751e8b465ee728b)
Start importing Assets/Sprites/Enviroment/Asfalto_pintado_esquina_BR.png using Guid(d2af20f898d611f46801b2d86ca4acb8) Importer(815301076,1909f56bfc062723c751e8b465ee728b)  -> (artifact id: '61e05bd45a9aa160adf4aff0f0349d94') in 0.029849 seconds 
  Import took 0.061584 seconds .

========================================================================
Received Import Request.
  Time since last request: 0.000267 seconds.
  path: Assets/Sprites/Enviroment/Asfalto_pintado_esquina_TL.png
  artifactKey: Guid(c8bf7160af02670478dcc36914535df5) Importer(815301076,1909f56bfc062723c751e8b465ee728b)
Start importing Assets/Sprites/Enviroment/Asfalto_pintado_esquina_TL.png using Guid(c8bf7160af02670478dcc36914535df5) Importer(815301076,1909f56bfc062723c751e8b465ee728b)  -> (artifact id: '4e1b4661a61ab6e1184af390ab76890d') in 0.012512 seconds 
  Import took 0.015548 seconds .

========================================================================
Received Import Request.
  Time since last request: 883.157672 seconds.
  path: Assets/Sprites/Enviroment/Muro_ladrillos_esquinaTL.png
  artifactKey: Guid(9aa4f6cb5b8e7944ebb978d41481807d) Importer(815301076,1909f56bfc062723c751e8b465ee728b)
Start importing Assets/Sprites/Enviroment/Muro_ladrillos_esquinaTL.png using Guid(9aa4f6cb5b8e7944ebb978d41481807d) Importer(815301076,1909f56bfc062723c751e8b465ee728b)  -> (artifact id: 'aba60bf5bbf83fdff5a2b91a2dbd407f') in 0.027030 seconds 
  Import took 0.060949 seconds .

========================================================================
Received Import Request.
  Time since last request: 44.104401 seconds.
  path: Assets/Sprites/Enviroment/Muro_ladrillos_esquinaTR.png
  artifactKey: Guid(c6c056f618dee9c4fba936656e48ecfe) Importer(815301076,1909f56bfc062723c751e8b465ee728b)
Start importing Assets/Sprites/Enviroment/Muro_ladrillos_esquinaTR.png using Guid(c6c056f618dee9c4fba936656e48ecfe) Importer(815301076,1909f56bfc062723c751e8b465ee728b)  -> (artifact id: '6d3eb3a1026a11005c95cf98cb48dadf') in 0.016047 seconds 
  Import took 0.036822 seconds .

========================================================================
Received Import Request.
  Time since last request: 31.450631 seconds.
  path: Assets/Sprites/Enviroment/Muro_ladrillos_esquinaBR.png
  artifactKey: Guid(1c4eed0fa9a7a074e923c53e70fd6b9f) Importer(815301076,1909f56bfc062723c751e8b465ee728b)
Start importing Assets/Sprites/Enviroment/Muro_ladrillos_esquinaBR.png using Guid(1c4eed0fa9a7a074e923c53e70fd6b9f) Importer(815301076,1909f56bfc062723c751e8b465ee728b)  -> (artifact id: 'dd00d389eeadf00f6f0fb736030fb441') in 0.028409 seconds 
  Import took 0.047820 seconds .

========================================================================
Received Import Request.
  Time since last request: 93.311151 seconds.
  path: Assets/Sprites/Enviroment/Muro_ladrillos_esquinaBL - copia.png
  artifactKey: Guid(ce15028e149ec0a4cbc5ee1d8e88ef90) Importer(815301076,1909f56bfc062723c751e8b465ee728b)
Start importing Assets/Sprites/Enviroment/Muro_ladrillos_esquinaBL - copia.png using Guid(ce15028e149ec0a4cbc5ee1d8e88ef90) Importer(815301076,1909f56bfc062723c751e8b465ee728b)  -> (artifact id: '1c147e57c3be0d7ad829a8954dd4d752') in 0.023441 seconds 
  Import took 0.048973 seconds .

========================================================================
Received Import Request.
  Time since last request: 24.106886 seconds.
  path: Assets/Sprites/Enviroment/Muro_ladrillos_esquinaBL - copia.png
  artifactKey: Guid(ce15028e149ec0a4cbc5ee1d8e88ef90) Importer(815301076,1909f56bfc062723c751e8b465ee728b)
Start importing Assets/Sprites/Enviroment/Muro_ladrillos_esquinaBL - copia.png using Guid(ce15028e149ec0a4cbc5ee1d8e88ef90) Importer(815301076,1909f56bfc062723c751e8b465ee728b)  -> (artifact id: 'a5a6c50df9aaa5975f27db1563cb5a6b') in 0.015372 seconds 
  Import took 0.018558 seconds .

========================================================================
Received Import Request.
  Time since last request: 0.000248 seconds.
  path: Assets/Sprites/Enviroment/Muro_ladrillos_esquinaTR.png
  artifactKey: Guid(c6c056f618dee9c4fba936656e48ecfe) Importer(815301076,1909f56bfc062723c751e8b465ee728b)
Start importing Assets/Sprites/Enviroment/Muro_ladrillos_esquinaTR.png using Guid(c6c056f618dee9c4fba936656e48ecfe) Importer(815301076,1909f56bfc062723c751e8b465ee728b)  -> (artifact id: '2282394673a4634afb40ecefcf70cd63') in 0.012935 seconds 
  Import took 0.016613 seconds .

========================================================================
Received Import Request.
  Time since last request: 0.000258 seconds.
  path: Assets/Sprites/Enviroment/Muro_ladrillos_esquinaBR.png
  artifactKey: Guid(1c4eed0fa9a7a074e923c53e70fd6b9f) Importer(815301076,1909f56bfc062723c751e8b465ee728b)
Start importing Assets/Sprites/Enviroment/Muro_ladrillos_esquinaBR.png using Guid(1c4eed0fa9a7a074e923c53e70fd6b9f) Importer(815301076,1909f56bfc062723c751e8b465ee728b)  -> (artifact id: 'b226db0f63a0c03f0f4706d4463466e6') in 0.009543 seconds 
  Import took 0.012718 seconds .

========================================================================
Received Import Request.
  Time since last request: 0.000221 seconds.
  path: Assets/Sprites/Enviroment/Muro_ladrillos_esquinaTL.png
  artifactKey: Guid(9aa4f6cb5b8e7944ebb978d41481807d) Importer(815301076,1909f56bfc062723c751e8b465ee728b)
Start importing Assets/Sprites/Enviroment/Muro_ladrillos_esquinaTL.png using Guid(9aa4f6cb5b8e7944ebb978d41481807d) Importer(815301076,1909f56bfc062723c751e8b465ee728b)  -> (artifact id: '828e071211aa935b10e0ed6a3793fdb5') in 0.015807 seconds 
  Import took 0.020504 seconds .

========================================================================
Received Import Request.
  Time since last request: 0.003674 seconds.
  path: Assets/Sprites/Enviroment/Muro_ladrillos_esquinaTL.png
  artifactKey: Guid(9aa4f6cb5b8e7944ebb978d41481807d) Importer(815301076,1909f56bfc062723c751e8b465ee728b)
Start importing Assets/Sprites/Enviroment/Muro_ladrillos_esquinaTL.png using Guid(9aa4f6cb5b8e7944ebb978d41481807d) Importer(815301076,1909f56bfc062723c751e8b465ee728b)  -> (artifact id: '828e071211aa935b10e0ed6a3793fdb5') in 0.010100 seconds 
  Import took 0.013029 seconds .

========================================================================
Received Import Request.
  Time since last request: 74.357313 seconds.
  path: Assets/Sprites/Enviroment/Muro_ladrillos_B.png
  artifactKey: Guid(0d9d7a1d09949e5479a0ac3960d20a0e) Importer(815301076,1909f56bfc062723c751e8b465ee728b)
Start importing Assets/Sprites/Enviroment/Muro_ladrillos_B.png using Guid(0d9d7a1d09949e5479a0ac3960d20a0e) Importer(815301076,1909f56bfc062723c751e8b465ee728b)  -> (artifact id: 'c5bf9b69dc8145da3abf1afafea54113') in 0.021385 seconds 
  Import took 0.054080 seconds .

========================================================================
Received Import Request.
  Time since last request: 0.002784 seconds.
  path: Assets/Sprites/Enviroment/Muro_ladrillos_B.png
  artifactKey: Guid(0d9d7a1d09949e5479a0ac3960d20a0e) Importer(815301076,1909f56bfc062723c751e8b465ee728b)
Start importing Assets/Sprites/Enviroment/Muro_ladrillos_B.png using Guid(0d9d7a1d09949e5479a0ac3960d20a0e) Importer(815301076,1909f56bfc062723c751e8b465ee728b)  -> (artifact id: 'c5bf9b69dc8145da3abf1afafea54113') in 0.014178 seconds 
  Import took 0.017758 seconds .

========================================================================
Received Import Request.
  Time since last request: 41.499305 seconds.
  path: Assets/Sprites/Enviroment/Muro_ladrillos_B.png
  artifactKey: Guid(0d9d7a1d09949e5479a0ac3960d20a0e) Importer(815301076,1909f56bfc062723c751e8b465ee728b)
Start importing Assets/Sprites/Enviroment/Muro_ladrillos_B.png using Guid(0d9d7a1d09949e5479a0ac3960d20a0e) Importer(815301076,1909f56bfc062723c751e8b465ee728b)  -> (artifact id: 'c07810a7e195c46146c99317d6d1d5ac') in 0.020353 seconds 
  Import took 0.023274 seconds .

AssetImportWorkerClient::OnTransportError - code=2 error=End of file
